[15:05:57] [Server thread/INFO]: [Not Secure] <niksoooos> chhal endk?
[15:06:09] [Server thread/INFO]: [Not Secure] <Aph3lios> bzff
[15:06:16] [Server thread/INFO]: [Not Secure] <niksoooos> i need some
[15:06:24] [Server thread/INFO]: [Not Secure] <Aph3lios> ofcc
[15:06:25] [Server thread/INFO]: [Not Secure] <Aph3lios> daba
[15:07:24] [Server thread/WARN]: Aph3lios moved too quickly! -9.164708028045283,0.0,4.100013726076668
[15:08:25] [Server thread/WARN]: niksoooos moved too quickly! 14.796474203605214,-8.801990116645214,5.533024166702944
[15:08:25] [Server thread/WARN]: Can't keep up! Is the server overloaded? Running 3095ms or 61 ticks behind
[15:08:44] [Server thread/WARN]: Can't keep up! Is the server overloaded? Running 3614ms or 72 ticks behind
[15:09:05] [Server thread/WARN]: Can't keep up! Is the server overloaded? Running 2730ms or 54 ticks behind
[15:12:57] [Server thread/INFO]: [Not Secure] <niksoooos> fen rak
[15:13:11] [Server thread/INFO]: [Not Secure] <Aph3lios> here
[15:13:31] [Server thread/INFO]: [Not Secure] <Aph3lios> aji
[15:14:26] [Server thread/WARN]: Aph3lios moved too quickly! -2.0430307531272547,-17.392140484123146,0.36195524471844465
[15:14:49] [Server thread/INFO]: [Not Secure] <niksoooos> where
[15:14:58] [Server thread/INFO]: [Not Secure] <Aph3lios> att ani t7t XD
[15:15:23] [Server thread/INFO]: [Not Secure] <Aph3lios> enough ?
[15:15:33] [Server thread/INFO]: [Not Secure] <niksoooos> i need alot
[15:15:45] [Server thread/INFO]: [Not Secure] <Aph3lios> 3titkl klchi
[15:15:53] [Server thread/INFO]: [Not Secure] <niksoooos> tnx
[15:16:01] [Server thread/INFO]: [Not Secure] <Aph3lios> np
[15:17:46] [Server thread/WARN]: Mismatch in destroy block pos: gp{x=-141, y=42, z=-4} gp{x=246, y=75, z=-184}
[15:19:32] [Server thread/INFO]: [Not Secure] <Aph3lios> how do i capture frog ?
[15:19:46] [Server thread/INFO]: [Not Secure] <niksoooos> there i frogs in this gq,e
[15:19:52] [Server thread/INFO]: [Not Secure] <Aph3lios> oui HHHHHHHHHHHHHHHHH
[15:20:44] [Server thread/WARN]: niksoooos moved too quickly! 17.261184412204102,-1.8381026200112842,3.459357036944567
[15:23:08] [Server thread/INFO]: Nn_ayman_nN001 lost connection: Timed out
[15:23:08] [Server thread/INFO]: Nn_ayman_nN001 left the game
[11:23:08] [Server thread/INFO]: Nn_ayman_nN001 left the game
[11:23:08] [Server thread/INFO]: Nn_ayman_nN001 left the game
[15:20:44] [Server thread/WARN]: niksoooos moved too quickly! 17.261184412204102,-1.8381026200112842,3.459357036944567
[15:23:08] [Server thread/INFO]: pasha lost connection: Timed out
[15:23:08] [Server thread/INFO]: pasha left the game
[15:05:57] [Server thread/INFO]: [Not Secure] <niksoooos> chhal endk?
[15:06:09] [Server thread/INFO]: [Not Secure] <Aph3lios> bzff
[15:06:16] [Server thread/INFO]: [Not Secure] <niksoooos> i need some
[15:06:24] [Server thread/INFO]: [Not Secure] <Aph3lios> ofcc
[15:06:25] [Server thread/INFO]: [Not Secure] <Aph3lios> daba
[15:07:24] [Server thread/WARN]: Aph3lios moved too quickly! -9.164708028045283,0.0,4.100013726076668
[15:08:25] [Server thread/WARN]: niksoooos moved too quickly! 14.796474203605214,-8.801990116645214,5.533024166702944
[15:08:25] [Server thread/WARN]: Can't keep up! Is the server overloaded? Running 3095ms or 61 ticks behind
[15:08:44] [Server thread/WARN]: Can't keep up! Is the server overloaded? Running 3614ms or 72 ticks behind
[15:09:05] [Server thread/WARN]: Can't keep up! Is the server overloaded? Running 2730ms or 54 ticks behind
[15:12:57] [Server thread/INFO]: [Not Secure] <niksoooos> fen rak
[15:13:11] [Server thread/INFO]: [Not Secure] <Aph3lios> here
[15:13:31] [Server thread/INFO]: [Not Secure] <Aph3lios> aji
[15:14:26] [Server thread/WARN]: Aph3lios moved too quickly! -2.0430307531272547,-17.392140484123146,0.36195524471844465
[15:14:49] [Server thread/INFO]: [Not Secure] <niksoooos> where
[15:14:58] [Server thread/INFO]: [Not Secure] <Aph3lios> att ani t7t XD
[15:15:23] [Server thread/INFO]: [Not Secure] <Aph3lios> enough ?
[15:15:33] [Server thread/INFO]: [Not Secure] <niksoooos> i need alot
[15:15:45] [Server thread/INFO]: [Not Secure] <Aph3lios> 3titkl klchi
[15:15:53] [Server thread/INFO]: [Not Secure] <niksoooos> tnx
[15:16:01] [Server thread/INFO]: [Not Secure] <Aph3lios> np
[15:17:46] [Server thread/WARN]: Mismatch in destroy block pos: gp{x=-141, y=42, z=-4} gp{x=246, y=75, z=-184}
[15:19:32] [Server thread/INFO]: [Not Secure] <Aph3lios> how do i capture frog ?
[15:19:46] [Server thread/INFO]: [Not Secure] <niksoooos> there i frogs in this gq,e
[15:19:52] [Server thread/INFO]: [Not Secure] <Aph3lios> oui HHHHHHHHHHHHHHHHH
[15:20:44] [Server thread/WARN]: niksoooos moved too quickly! 17.261184412204102,-1.8381026200112842,3.459357036944567
[15:23:08] [Server thread/INFO]: Nn_ayman_nN001 lost connection: Timed out
[15:23:08] [Server thread/INFO]: Nn_ayman_nN001 left the game
[11:23:08] [Server thread/INFO]: Nn_ayman_nN001 left the game
[11:23:08] [Server thread/INFO]: Nn_ayman_nN001 left the game
[15:20:44] [Server thread/WARN]: niksoooos moved too quickly! 17.261184412204102,-1.8381026200112842,3.459357036944567
[15:23:08] [Server thread/INFO]: pasha lost connection: Timed out
[15:23:08] [Server thread/INFO]: pasha left the game
[15:05:57] [Server thread/INFO]: [Not Secure] <niksoooos> chhal endk?
[15:06:09] [Server thread/INFO]: [Not Secure] <Aph3lios> bzff
[15:06:16] [Server thread/INFO]: [Not Secure] <niksoooos> i need some
[15:06:24] [Server thread/INFO]: [Not Secure] <Aph3lios> ofcc
[15:06:25] [Server thread/INFO]: [Not Secure] <Aph3lios> daba
[15:07:24] [Server thread/WARN]: Aph3lios moved too quickly! -9.164708028045283,0.0,4.100013726076668
[15:08:25] [Server thread/WARN]: niksoooos moved too quickly! 14.796474203605214,-8.801990116645214,5.533024166702944
[15:08:25] [Server thread/WARN]: Can't keep up! Is the server overloaded? Running 3095ms or 61 ticks behind
[15:08:44] [Server thread/WARN]: Can't keep up! Is the server overloaded? Running 3614ms or 72 ticks behind
[15:09:05] [Server thread/WARN]: Can't keep up! Is the server overloaded? Running 2730ms or 54 ticks behind
[15:12:57] [Server thread/INFO]: [Not Secure] <niksoooos> fen rak
[15:13:11] [Server thread/INFO]: [Not Secure] <Aph3lios> here
[15:13:31] [Server thread/INFO]: [Not Secure] <Aph3lios> aji
[15:14:26] [Server thread/WARN]: Aph3lios moved too quickly! -2.0430307531272547,-17.392140484123146,0.36195524471844465
[15:14:49] [Server thread/INFO]: [Not Secure] <niksoooos> where
[15:14:58] [Server thread/INFO]: [Not Secure] <Aph3lios> att ani t7t XD
[15:15:23] [Server thread/INFO]: [Not Secure] <Aph3lios> enough ?
[15:15:33] [Server thread/INFO]: [Not Secure] <niksoooos> i need alot
[15:15:45] [Server thread/INFO]: [Not Secure] <Aph3lios> 3titkl klchi
[15:15:53] [Server thread/INFO]: [Not Secure] <niksoooos> tnx
[15:16:01] [Server thread/INFO]: [Not Secure] <Aph3lios> np
[15:17:46] [Server thread/WARN]: Mismatch in destroy block pos: gp{x=-141, y=42, z=-4} gp{x=246, y=75, z=-184}
[15:19:32] [Server thread/INFO]: [Not Secure] <Aph3lios> how do i capture frog ?
[15:19:46] [Server thread/INFO]: [Not Secure] <niksoooos> there i frogs in this gq,e
[15:19:52] [Server thread/INFO]: [Not Secure] <Aph3lios> oui HHHHHHHHHHHHHHHHH
[15:20:44] [Server thread/WARN]: niksoooos moved too quickly! 17.261184412204102,-1.8381026200112842,3.459357036944567
[15:23:08] [Server thread/INFO]: Nn_ayman_nN001 lost connection: Timed out
[15:23:08] [Server thread/INFO]: Nn_ayman_nN001 left the game
[11:23:08] [Server thread/INFO]: Nn_ayman_nN001 left the game
[11:23:08] [Server thread/INFO]: Nn_ayman_nN001 left the game
[15:20:44] [Server thread/WARN]: niksoooos moved too quickly! 17.261184412204102,-1.8381026200112842,3.459357036944567
[15:23:08] [Server thread/INFO]: pasha lost connection: Timed out
[15:23:08] [Server thread/INFO]: pasha left the game
[15:05:57] [Server thread/INFO]: [Not Secure] <niksoooos> chhal endk?
[15:06:09] [Server thread/INFO]: [Not Secure] <Aph3lios> bzff
[15:06:16] [Server thread/INFO]: [Not Secure] <niksoooos> i need some
[15:06:24] [Server thread/INFO]: [Not Secure] <Aph3lios> ofcc
[15:06:25] [Server thread/INFO]: [Not Secure] <Aph3lios> daba
[15:07:24] [Server thread/WARN]: Aph3lios moved too quickly! -9.164708028045283,0.0,4.100013726076668
[15:08:25] [Server thread/WARN]: niksoooos moved too quickly! 14.796474203605214,-8.801990116645214,5.533024166702944
[15:08:25] [Server thread/WARN]: Can't keep up! Is the server overloaded? Running 3095ms or 61 ticks behind
[15:08:44] [Server thread/WARN]: Can't keep up! Is the server overloaded? Running 3614ms or 72 ticks behind
[15:09:05] [Server thread/WARN]: Can't keep up! Is the server overloaded? Running 2730ms or 54 ticks behind
[15:12:57] [Server thread/INFO]: [Not Secure] <niksoooos> fen rak
[15:13:11] [Server thread/INFO]: [Not Secure] <Aph3lios> here
[15:13:31] [Server thread/INFO]: [Not Secure] <Aph3lios> aji
[15:14:26] [Server thread/WARN]: Aph3lios moved too quickly! -2.0430307531272547,-17.392140484123146,0.36195524471844465
[15:14:49] [Server thread/INFO]: [Not Secure] <niksoooos> where
[15:14:58] [Server thread/INFO]: [Not Secure] <Aph3lios> att ani t7t XD
[15:15:23] [Server thread/INFO]: [Not Secure] <Aph3lios> enough ?
[15:15:33] [Server thread/INFO]: [Not Secure] <niksoooos> i need alot
[15:15:45] [Server thread/INFO]: [Not Secure] <Aph3lios> 3titkl klchi
[15:15:53] [Server thread/INFO]: [Not Secure] <niksoooos> tnx
[15:16:01] [Server thread/INFO]: [Not Secure] <Aph3lios> np
[15:17:46] [Server thread/WARN]: Mismatch in destroy block pos: gp{x=-141, y=42, z=-4} gp{x=246, y=75, z=-184}
[15:19:32] [Server thread/INFO]: [Not Secure] <Aph3lios> how do i capture frog ?
[15:19:46] [Server thread/INFO]: [Not Secure] <niksoooos> there i frogs in this gq,e
[15:19:52] [Server thread/INFO]: [Not Secure] <Aph3lios> oui HHHHHHHHHHHHHHHHH
[15:20:44] [Server thread/WARN]: niksoooos moved too quickly! 17.261184412204102,-1.8381026200112842,3.459357036944567
[15:23:08] [Server thread/INFO]: Nn_ayman_nN001 lost connection: Timed out
[15:23:08] [Server thread/INFO]: Nn_ayman_nN001 left the game
[11:23:08] [Server thread/INFO]: Nn_ayman_nN001 left the game
[11:23:08] [Server thread/INFO]: Nn_ayman_nN001 left the game
[15:20:44] [Server thread/WARN]: niksoooos moved too quickly! 17.261184412204102,-1.8381026200112842,3.459357036944567
[15:23:08] [Server thread/INFO]: pasha lost connection: Timed out
[15:23:08] [Server thread/INFO]: pasha left the game

